<?xml version="1.0" encoding="UTF-8"?>
<testsuite xmlns:xsi="http://www.w3.org/2001/XMLSchema-instance" xsi:noNamespaceSchemaLocation="https://maven.apache.org/surefire/maven-surefire-plugin/xsd/surefire-test-report.xsd" version="3.0.2" name="br.insper.aposta.aposta.ApostaServiceTests" time="0.619" tests="2" errors="0" skipped="0" failures="0">
  <properties>
    <property name="java.specification.version" value="21"/>
    <property name="sun.jnu.encoding" value="UTF-8"/>
    <property name="java.class.path" value="/Users/eduardosantana/insper/insper-projeto-de-software-2024-2/aula-08/aposta/target/test-classes:/Users/eduardosantana/insper/insper-projeto-de-software-2024-2/aula-08/aposta/target/classes:/Users/eduardosantana/.m2/repository/org/springframework/boot/spring-boot-starter-data-mongodb/3.3.2/spring-boot-starter-data-mongodb-3.3.2.jar:/Users/eduardosantana/.m2/repository/org/springframework/boot/spring-boot-starter/3.3.2/spring-boot-starter-3.3.2.jar:/Users/eduardosantana/.m2/repository/org/springframework/boot/spring-boot/3.3.2/spring-boot-3.3.2.jar:/Users/eduardosantana/.m2/repository/org/springframework/boot/spring-boot-autoconfigure/3.3.2/spring-boot-autoconfigure-3.3.2.jar:/Users/eduardosantana/.m2/repository/org/springframework/boot/spring-boot-starter-logging/3.3.2/spring-boot-starter-logging-3.3.2.jar:/Users/eduardosantana/.m2/repository/ch/qos/logback/logback-classic/1.5.6/logback-classic-1.5.6.jar:/Users/eduardosantana/.m2/repository/ch/qos/logback/logback-core/1.5.6/logback-core-1.5.6.jar:/Users/eduardosantana/.m2/repository/org/apache/logging/log4j/log4j-to-slf4j/2.23.1/log4j-to-slf4j-2.23.1.jar:/Users/eduardosantana/.m2/repository/org/apache/logging/log4j/log4j-api/2.23.1/log4j-api-2.23.1.jar:/Users/eduardosantana/.m2/repository/org/slf4j/jul-to-slf4j/2.0.13/jul-to-slf4j-2.0.13.jar:/Users/eduardosantana/.m2/repository/jakarta/annotation/jakarta.annotation-api/2.1.1/jakarta.annotation-api-2.1.1.jar:/Users/eduardosantana/.m2/repository/org/yaml/snakeyaml/2.2/snakeyaml-2.2.jar:/Users/eduardosantana/.m2/repository/org/mongodb/mongodb-driver-sync/5.0.1/mongodb-driver-sync-5.0.1.jar:/Users/eduardosantana/.m2/repository/org/mongodb/bson/5.0.1/bson-5.0.1.jar:/Users/eduardosantana/.m2/repository/org/mongodb/mongodb-driver-core/5.0.1/mongodb-driver-core-5.0.1.jar:/Users/eduardosantana/.m2/repository/org/mongodb/bson-record-codec/5.0.1/bson-record-codec-5.0.1.jar:/Users/eduardosantana/.m2/repository/org/springframework/data/spring-data-mongodb/4.3.2/spring-data-mongodb-4.3.2.jar:/Users/eduardosantana/.m2/repository/org/springframework/spring-tx/6.1.11/spring-tx-6.1.11.jar:/Users/eduardosantana/.m2/repository/org/springframework/spring-context/6.1.11/spring-context-6.1.11.jar:/Users/eduardosantana/.m2/repository/org/springframework/spring-beans/6.1.11/spring-beans-6.1.11.jar:/Users/eduardosantana/.m2/repository/org/springframework/spring-expression/6.1.11/spring-expression-6.1.11.jar:/Users/eduardosantana/.m2/repository/org/springframework/data/spring-data-commons/3.3.2/spring-data-commons-3.3.2.jar:/Users/eduardosantana/.m2/repository/org/slf4j/slf4j-api/2.0.13/slf4j-api-2.0.13.jar:/Users/eduardosantana/.m2/repository/org/springframework/boot/spring-boot-starter-web/3.3.2/spring-boot-starter-web-3.3.2.jar:/Users/eduardosantana/.m2/repository/org/springframework/boot/spring-boot-starter-json/3.3.2/spring-boot-starter-json-3.3.2.jar:/Users/eduardosantana/.m2/repository/com/fasterxml/jackson/core/jackson-databind/2.17.2/jackson-databind-2.17.2.jar:/Users/eduardosantana/.m2/repository/com/fasterxml/jackson/core/jackson-annotations/2.17.2/jackson-annotations-2.17.2.jar:/Users/eduardosantana/.m2/repository/com/fasterxml/jackson/core/jackson-core/2.17.2/jackson-core-2.17.2.jar:/Users/eduardosantana/.m2/repository/com/fasterxml/jackson/datatype/jackson-datatype-jdk8/2.17.2/jackson-datatype-jdk8-2.17.2.jar:/Users/eduardosantana/.m2/repository/com/fasterxml/jackson/datatype/jackson-datatype-jsr310/2.17.2/jackson-datatype-jsr310-2.17.2.jar:/Users/eduardosantana/.m2/repository/com/fasterxml/jackson/module/jackson-module-parameter-names/2.17.2/jackson-module-parameter-names-2.17.2.jar:/Users/eduardosantana/.m2/repository/org/springframework/boot/spring-boot-starter-tomcat/3.3.2/spring-boot-starter-tomcat-3.3.2.jar:/Users/eduardosantana/.m2/repository/org/apache/tomcat/embed/tomcat-embed-core/10.1.26/tomcat-embed-core-10.1.26.jar:/Users/eduardosantana/.m2/repository/org/apache/tomcat/embed/tomcat-embed-el/10.1.26/tomcat-embed-el-10.1.26.jar:/Users/eduardosantana/.m2/repository/org/apache/tomcat/embed/tomcat-embed-websocket/10.1.26/tomcat-embed-websocket-10.1.26.jar:/Users/eduardosantana/.m2/repository/org/springframework/spring-web/6.1.11/spring-web-6.1.11.jar:/Users/eduardosantana/.m2/repository/io/micrometer/micrometer-observation/1.13.2/micrometer-observation-1.13.2.jar:/Users/eduardosantana/.m2/repository/io/micrometer/micrometer-commons/1.13.2/micrometer-commons-1.13.2.jar:/Users/eduardosantana/.m2/repository/org/springframework/spring-webmvc/6.1.11/spring-webmvc-6.1.11.jar:/Users/eduardosantana/.m2/repository/org/springframework/spring-aop/6.1.11/spring-aop-6.1.11.jar:/Users/eduardosantana/.m2/repository/org/springdoc/springdoc-openapi-starter-webmvc-ui/2.3.0/springdoc-openapi-starter-webmvc-ui-2.3.0.jar:/Users/eduardosantana/.m2/repository/org/springdoc/springdoc-openapi-starter-webmvc-api/2.3.0/springdoc-openapi-starter-webmvc-api-2.3.0.jar:/Users/eduardosantana/.m2/repository/org/springdoc/springdoc-openapi-starter-common/2.3.0/springdoc-openapi-starter-common-2.3.0.jar:/Users/eduardosantana/.m2/repository/io/swagger/core/v3/swagger-core-jakarta/2.2.19/swagger-core-jakarta-2.2.19.jar:/Users/eduardosantana/.m2/repository/org/apache/commons/commons-lang3/3.14.0/commons-lang3-3.14.0.jar:/Users/eduardosantana/.m2/repository/io/swagger/core/v3/swagger-annotations-jakarta/2.2.19/swagger-annotations-jakarta-2.2.19.jar:/Users/eduardosantana/.m2/repository/io/swagger/core/v3/swagger-models-jakarta/2.2.19/swagger-models-jakarta-2.2.19.jar:/Users/eduardosantana/.m2/repository/jakarta/validation/jakarta.validation-api/3.0.2/jakarta.validation-api-3.0.2.jar:/Users/eduardosantana/.m2/repository/com/fasterxml/jackson/dataformat/jackson-dataformat-yaml/2.17.2/jackson-dataformat-yaml-2.17.2.jar:/Users/eduardosantana/.m2/repository/org/webjars/swagger-ui/5.10.3/swagger-ui-5.10.3.jar:/Users/eduardosantana/.m2/repository/org/projectlombok/lombok/1.18.34/lombok-1.18.34.jar:/Users/eduardosantana/.m2/repository/org/springframework/boot/spring-boot-starter-test/3.3.2/spring-boot-starter-test-3.3.2.jar:/Users/eduardosantana/.m2/repository/org/springframework/boot/spring-boot-test/3.3.2/spring-boot-test-3.3.2.jar:/Users/eduardosantana/.m2/repository/org/springframework/boot/spring-boot-test-autoconfigure/3.3.2/spring-boot-test-autoconfigure-3.3.2.jar:/Users/eduardosantana/.m2/repository/com/jayway/jsonpath/json-path/2.9.0/json-path-2.9.0.jar:/Users/eduardosantana/.m2/repository/jakarta/xml/bind/jakarta.xml.bind-api/4.0.2/jakarta.xml.bind-api-4.0.2.jar:/Users/eduardosantana/.m2/repository/jakarta/activation/jakarta.activation-api/2.1.3/jakarta.activation-api-2.1.3.jar:/Users/eduardosantana/.m2/repository/net/minidev/json-smart/2.5.1/json-smart-2.5.1.jar:/Users/eduardosantana/.m2/repository/net/minidev/accessors-smart/2.5.1/accessors-smart-2.5.1.jar:/Users/eduardosantana/.m2/repository/org/ow2/asm/asm/9.6/asm-9.6.jar:/Users/eduardosantana/.m2/repository/org/assertj/assertj-core/3.25.3/assertj-core-3.25.3.jar:/Users/eduardosantana/.m2/repository/net/bytebuddy/byte-buddy/1.14.18/byte-buddy-1.14.18.jar:/Users/eduardosantana/.m2/repository/org/awaitility/awaitility/4.2.1/awaitility-4.2.1.jar:/Users/eduardosantana/.m2/repository/org/hamcrest/hamcrest/2.2/hamcrest-2.2.jar:/Users/eduardosantana/.m2/repository/org/junit/jupiter/junit-jupiter/5.10.3/junit-jupiter-5.10.3.jar:/Users/eduardosantana/.m2/repository/org/junit/jupiter/junit-jupiter-api/5.10.3/junit-jupiter-api-5.10.3.jar:/Users/eduardosantana/.m2/repository/org/opentest4j/opentest4j/1.3.0/opentest4j-1.3.0.jar:/Users/eduardosantana/.m2/repository/org/junit/platform/junit-platform-commons/1.10.3/junit-platform-commons-1.10.3.jar:/Users/eduardosantana/.m2/repository/org/apiguardian/apiguardian-api/1.1.2/apiguardian-api-1.1.2.jar:/Users/eduardosantana/.m2/repository/org/junit/jupiter/junit-jupiter-params/5.10.3/junit-jupiter-params-5.10.3.jar:/Users/eduardosantana/.m2/repository/org/junit/jupiter/junit-jupiter-engine/5.10.3/junit-jupiter-engine-5.10.3.jar:/Users/eduardosantana/.m2/repository/org/junit/platform/junit-platform-engine/1.10.3/junit-platform-engine-1.10.3.jar:/Users/eduardosantana/.m2/repository/org/mockito/mockito-core/5.11.0/mockito-core-5.11.0.jar:/Users/eduardosantana/.m2/repository/net/bytebuddy/byte-buddy-agent/1.14.18/byte-buddy-agent-1.14.18.jar:/Users/eduardosantana/.m2/repository/org/objenesis/objenesis/3.3/objenesis-3.3.jar:/Users/eduardosantana/.m2/repository/org/mockito/mockito-junit-jupiter/5.11.0/mockito-junit-jupiter-5.11.0.jar:/Users/eduardosantana/.m2/repository/org/skyscreamer/jsonassert/1.5.3/jsonassert-1.5.3.jar:/Users/eduardosantana/.m2/repository/com/vaadin/external/google/android-json/0.0.20131108.vaadin1/android-json-0.0.20131108.vaadin1.jar:/Users/eduardosantana/.m2/repository/org/springframework/spring-core/6.1.11/spring-core-6.1.11.jar:/Users/eduardosantana/.m2/repository/org/springframework/spring-jcl/6.1.11/spring-jcl-6.1.11.jar:/Users/eduardosantana/.m2/repository/org/springframework/spring-test/6.1.11/spring-test-6.1.11.jar:/Users/eduardosantana/.m2/repository/org/xmlunit/xmlunit-core/2.9.1/xmlunit-core-2.9.1.jar:"/>
    <property name="java.vm.vendor" value="Oracle Corporation"/>
    <property name="sun.arch.data.model" value="64"/>
    <property name="java.vendor.url" value="https://java.oracle.com/"/>
    <property name="user.timezone" value="America/Sao_Paulo"/>
    <property name="os.name" value="Mac OS X"/>
    <property name="java.vm.specification.version" value="21"/>
    <property name="sun.java.launcher" value="SUN_STANDARD"/>
    <property name="user.country" value="BR"/>
    <property name="sun.boot.library.path" value="/Users/eduardosantana/Library/Java/JavaVirtualMachines/openjdk-21.0.1/Contents/Home/lib"/>
    <property name="sun.java.command" value="/Users/eduardosantana/insper/insper-projeto-de-software-2024-2/aula-08/aposta/target/surefire/surefirebooter-20240828112040858_3.jar /Users/eduardosantana/insper/insper-projeto-de-software-2024-2/aula-08/aposta/target/surefire 2024-08-28T11-20-40_737-jvmRun1 surefire-20240828112040858_1tmp surefire_0-20240828112040858_2tmp"/>
    <property name="http.nonProxyHosts" value="local|*.local|169.254/16|*.169.254/16"/>
    <property name="jdk.debug" value="release"/>
    <property name="surefire.test.class.path" value="/Users/eduardosantana/insper/insper-projeto-de-software-2024-2/aula-08/aposta/target/test-classes:/Users/eduardosantana/insper/insper-projeto-de-software-2024-2/aula-08/aposta/target/classes:/Users/eduardosantana/.m2/repository/org/springframework/boot/spring-boot-starter-data-mongodb/3.3.2/spring-boot-starter-data-mongodb-3.3.2.jar:/Users/eduardosantana/.m2/repository/org/springframework/boot/spring-boot-starter/3.3.2/spring-boot-starter-3.3.2.jar:/Users/eduardosantana/.m2/repository/org/springframework/boot/spring-boot/3.3.2/spring-boot-3.3.2.jar:/Users/eduardosantana/.m2/repository/org/springframework/boot/spring-boot-autoconfigure/3.3.2/spring-boot-autoconfigure-3.3.2.jar:/Users/eduardosantana/.m2/repository/org/springframework/boot/spring-boot-starter-logging/3.3.2/spring-boot-starter-logging-3.3.2.jar:/Users/eduardosantana/.m2/repository/ch/qos/logback/logback-classic/1.5.6/logback-classic-1.5.6.jar:/Users/eduardosantana/.m2/repository/ch/qos/logback/logback-core/1.5.6/logback-core-1.5.6.jar:/Users/eduardosantana/.m2/repository/org/apache/logging/log4j/log4j-to-slf4j/2.23.1/log4j-to-slf4j-2.23.1.jar:/Users/eduardosantana/.m2/repository/org/apache/logging/log4j/log4j-api/2.23.1/log4j-api-2.23.1.jar:/Users/eduardosantana/.m2/repository/org/slf4j/jul-to-slf4j/2.0.13/jul-to-slf4j-2.0.13.jar:/Users/eduardosantana/.m2/repository/jakarta/annotation/jakarta.annotation-api/2.1.1/jakarta.annotation-api-2.1.1.jar:/Users/eduardosantana/.m2/repository/org/yaml/snakeyaml/2.2/snakeyaml-2.2.jar:/Users/eduardosantana/.m2/repository/org/mongodb/mongodb-driver-sync/5.0.1/mongodb-driver-sync-5.0.1.jar:/Users/eduardosantana/.m2/repository/org/mongodb/bson/5.0.1/bson-5.0.1.jar:/Users/eduardosantana/.m2/repository/org/mongodb/mongodb-driver-core/5.0.1/mongodb-driver-core-5.0.1.jar:/Users/eduardosantana/.m2/repository/org/mongodb/bson-record-codec/5.0.1/bson-record-codec-5.0.1.jar:/Users/eduardosantana/.m2/repository/org/springframework/data/spring-data-mongodb/4.3.2/spring-data-mongodb-4.3.2.jar:/Users/eduardosantana/.m2/repository/org/springframework/spring-tx/6.1.11/spring-tx-6.1.11.jar:/Users/eduardosantana/.m2/repository/org/springframework/spring-context/6.1.11/spring-context-6.1.11.jar:/Users/eduardosantana/.m2/repository/org/springframework/spring-beans/6.1.11/spring-beans-6.1.11.jar:/Users/eduardosantana/.m2/repository/org/springframework/spring-expression/6.1.11/spring-expression-6.1.11.jar:/Users/eduardosantana/.m2/repository/org/springframework/data/spring-data-commons/3.3.2/spring-data-commons-3.3.2.jar:/Users/eduardosantana/.m2/repository/org/slf4j/slf4j-api/2.0.13/slf4j-api-2.0.13.jar:/Users/eduardosantana/.m2/repository/org/springframework/boot/spring-boot-starter-web/3.3.2/spring-boot-starter-web-3.3.2.jar:/Users/eduardosantana/.m2/repository/org/springframework/boot/spring-boot-starter-json/3.3.2/spring-boot-starter-json-3.3.2.jar:/Users/eduardosantana/.m2/repository/com/fasterxml/jackson/core/jackson-databind/2.17.2/jackson-databind-2.17.2.jar:/Users/eduardosantana/.m2/repository/com/fasterxml/jackson/core/jackson-annotations/2.17.2/jackson-annotations-2.17.2.jar:/Users/eduardosantana/.m2/repository/com/fasterxml/jackson/core/jackson-core/2.17.2/jackson-core-2.17.2.jar:/Users/eduardosantana/.m2/repository/com/fasterxml/jackson/datatype/jackson-datatype-jdk8/2.17.2/jackson-datatype-jdk8-2.17.2.jar:/Users/eduardosantana/.m2/repository/com/fasterxml/jackson/datatype/jackson-datatype-jsr310/2.17.2/jackson-datatype-jsr310-2.17.2.jar:/Users/eduardosantana/.m2/repository/com/fasterxml/jackson/module/jackson-module-parameter-names/2.17.2/jackson-module-parameter-names-2.17.2.jar:/Users/eduardosantana/.m2/repository/org/springframework/boot/spring-boot-starter-tomcat/3.3.2/spring-boot-starter-tomcat-3.3.2.jar:/Users/eduardosantana/.m2/repository/org/apache/tomcat/embed/tomcat-embed-core/10.1.26/tomcat-embed-core-10.1.26.jar:/Users/eduardosantana/.m2/repository/org/apache/tomcat/embed/tomcat-embed-el/10.1.26/tomcat-embed-el-10.1.26.jar:/Users/eduardosantana/.m2/repository/org/apache/tomcat/embed/tomcat-embed-websocket/10.1.26/tomcat-embed-websocket-10.1.26.jar:/Users/eduardosantana/.m2/repository/org/springframework/spring-web/6.1.11/spring-web-6.1.11.jar:/Users/eduardosantana/.m2/repository/io/micrometer/micrometer-observation/1.13.2/micrometer-observation-1.13.2.jar:/Users/eduardosantana/.m2/repository/io/micrometer/micrometer-commons/1.13.2/micrometer-commons-1.13.2.jar:/Users/eduardosantana/.m2/repository/org/springframework/spring-webmvc/6.1.11/spring-webmvc-6.1.11.jar:/Users/eduardosantana/.m2/repository/org/springframework/spring-aop/6.1.11/spring-aop-6.1.11.jar:/Users/eduardosantana/.m2/repository/org/springdoc/springdoc-openapi-starter-webmvc-ui/2.3.0/springdoc-openapi-starter-webmvc-ui-2.3.0.jar:/Users/eduardosantana/.m2/repository/org/springdoc/springdoc-openapi-starter-webmvc-api/2.3.0/springdoc-openapi-starter-webmvc-api-2.3.0.jar:/Users/eduardosantana/.m2/repository/org/springdoc/springdoc-openapi-starter-common/2.3.0/springdoc-openapi-starter-common-2.3.0.jar:/Users/eduardosantana/.m2/repository/io/swagger/core/v3/swagger-core-jakarta/2.2.19/swagger-core-jakarta-2.2.19.jar:/Users/eduardosantana/.m2/repository/org/apache/commons/commons-lang3/3.14.0/commons-lang3-3.14.0.jar:/Users/eduardosantana/.m2/repository/io/swagger/core/v3/swagger-annotations-jakarta/2.2.19/swagger-annotations-jakarta-2.2.19.jar:/Users/eduardosantana/.m2/repository/io/swagger/core/v3/swagger-models-jakarta/2.2.19/swagger-models-jakarta-2.2.19.jar:/Users/eduardosantana/.m2/repository/jakarta/validation/jakarta.validation-api/3.0.2/jakarta.validation-api-3.0.2.jar:/Users/eduardosantana/.m2/repository/com/fasterxml/jackson/dataformat/jackson-dataformat-yaml/2.17.2/jackson-dataformat-yaml-2.17.2.jar:/Users/eduardosantana/.m2/repository/org/webjars/swagger-ui/5.10.3/swagger-ui-5.10.3.jar:/Users/eduardosantana/.m2/repository/org/projectlombok/lombok/1.18.34/lombok-1.18.34.jar:/Users/eduardosantana/.m2/repository/org/springframework/boot/spring-boot-starter-test/3.3.2/spring-boot-starter-test-3.3.2.jar:/Users/eduardosantana/.m2/repository/org/springframework/boot/spring-boot-test/3.3.2/spring-boot-test-3.3.2.jar:/Users/eduardosantana/.m2/repository/org/springframework/boot/spring-boot-test-autoconfigure/3.3.2/spring-boot-test-autoconfigure-3.3.2.jar:/Users/eduardosantana/.m2/repository/com/jayway/jsonpath/json-path/2.9.0/json-path-2.9.0.jar:/Users/eduardosantana/.m2/repository/jakarta/xml/bind/jakarta.xml.bind-api/4.0.2/jakarta.xml.bind-api-4.0.2.jar:/Users/eduardosantana/.m2/repository/jakarta/activation/jakarta.activation-api/2.1.3/jakarta.activation-api-2.1.3.jar:/Users/eduardosantana/.m2/repository/net/minidev/json-smart/2.5.1/json-smart-2.5.1.jar:/Users/eduardosantana/.m2/repository/net/minidev/accessors-smart/2.5.1/accessors-smart-2.5.1.jar:/Users/eduardosantana/.m2/repository/org/ow2/asm/asm/9.6/asm-9.6.jar:/Users/eduardosantana/.m2/repository/org/assertj/assertj-core/3.25.3/assertj-core-3.25.3.jar:/Users/eduardosantana/.m2/repository/net/bytebuddy/byte-buddy/1.14.18/byte-buddy-1.14.18.jar:/Users/eduardosantana/.m2/repository/org/awaitility/awaitility/4.2.1/awaitility-4.2.1.jar:/Users/eduardosantana/.m2/repository/org/hamcrest/hamcrest/2.2/hamcrest-2.2.jar:/Users/eduardosantana/.m2/repository/org/junit/jupiter/junit-jupiter/5.10.3/junit-jupiter-5.10.3.jar:/Users/eduardosantana/.m2/repository/org/junit/jupiter/junit-jupiter-api/5.10.3/junit-jupiter-api-5.10.3.jar:/Users/eduardosantana/.m2/repository/org/opentest4j/opentest4j/1.3.0/opentest4j-1.3.0.jar:/Users/eduardosantana/.m2/repository/org/junit/platform/junit-platform-commons/1.10.3/junit-platform-commons-1.10.3.jar:/Users/eduardosantana/.m2/repository/org/apiguardian/apiguardian-api/1.1.2/apiguardian-api-1.1.2.jar:/Users/eduardosantana/.m2/repository/org/junit/jupiter/junit-jupiter-params/5.10.3/junit-jupiter-params-5.10.3.jar:/Users/eduardosantana/.m2/repository/org/junit/jupiter/junit-jupiter-engine/5.10.3/junit-jupiter-engine-5.10.3.jar:/Users/eduardosantana/.m2/repository/org/junit/platform/junit-platform-engine/1.10.3/junit-platform-engine-1.10.3.jar:/Users/eduardosantana/.m2/repository/org/mockito/mockito-core/5.11.0/mockito-core-5.11.0.jar:/Users/eduardosantana/.m2/repository/net/bytebuddy/byte-buddy-agent/1.14.18/byte-buddy-agent-1.14.18.jar:/Users/eduardosantana/.m2/repository/org/objenesis/objenesis/3.3/objenesis-3.3.jar:/Users/eduardosantana/.m2/repository/org/mockito/mockito-junit-jupiter/5.11.0/mockito-junit-jupiter-5.11.0.jar:/Users/eduardosantana/.m2/repository/org/skyscreamer/jsonassert/1.5.3/jsonassert-1.5.3.jar:/Users/eduardosantana/.m2/repository/com/vaadin/external/google/android-json/0.0.20131108.vaadin1/android-json-0.0.20131108.vaadin1.jar:/Users/eduardosantana/.m2/repository/org/springframework/spring-core/6.1.11/spring-core-6.1.11.jar:/Users/eduardosantana/.m2/repository/org/springframework/spring-jcl/6.1.11/spring-jcl-6.1.11.jar:/Users/eduardosantana/.m2/repository/org/springframework/spring-test/6.1.11/spring-test-6.1.11.jar:/Users/eduardosantana/.m2/repository/org/xmlunit/xmlunit-core/2.9.1/xmlunit-core-2.9.1.jar:"/>
    <property name="sun.cpu.endian" value="little"/>
    <property name="user.home" value="/Users/eduardosantana"/>
    <property name="user.language" value="en"/>
    <property name="java.specification.vendor" value="Oracle Corporation"/>
    <property name="java.version.date" value="2023-10-17"/>
    <property name="java.home" value="/Users/eduardosantana/Library/Java/JavaVirtualMachines/openjdk-21.0.1/Contents/Home"/>
    <property name="file.separator" value="/"/>
    <property name="basedir" value="/Users/eduardosantana/insper/insper-projeto-de-software-2024-2/aula-08/aposta"/>
    <property name="java.vm.compressedOopsMode" value="Zero based"/>
    <property name="line.separator" value="&#10;"/>
    <property name="java.vm.specification.vendor" value="Oracle Corporation"/>
    <property name="java.specification.name" value="Java Platform API Specification"/>
    <property name="FILE_LOG_CHARSET" value="UTF-8"/>
    <property name="java.awt.headless" value="true"/>
    <property name="apple.awt.application.name" value="ForkedBooter"/>
    <property name="surefire.real.class.path" value="/Users/eduardosantana/insper/insper-projeto-de-software-2024-2/aula-08/aposta/target/surefire/surefirebooter-20240828112040858_3.jar"/>
    <property name="sun.management.compiler" value="HotSpot 64-Bit Tiered Compilers"/>
    <property name="ftp.nonProxyHosts" value="local|*.local|169.254/16|*.169.254/16"/>
    <property name="java.runtime.version" value="21.0.1+12-29"/>
    <property name="user.name" value="eduardosantana"/>
    <property name="stdout.encoding" value="UTF-8"/>
    <property name="path.separator" value=":"/>
    <property name="os.version" value="14.3.1"/>
    <property name="java.runtime.name" value="OpenJDK Runtime Environment"/>
    <property name="file.encoding" value="UTF-8"/>
    <property name="java.vm.name" value="OpenJDK 64-Bit Server VM"/>
    <property name="localRepository" value="/Users/eduardosantana/.m2/repository"/>
    <property name="java.vendor.url.bug" value="https://bugreport.java.com/bugreport/"/>
    <property name="java.io.tmpdir" value="/var/folders/9c/0gpx2jg51rs_vnwhgqkskdq40000gn/T/"/>
    <property name="idea.version" value="2023.3.3"/>
    <property name="java.version" value="21.0.1"/>
    <property name="user.dir" value="/Users/eduardosantana/insper/insper-projeto-de-software-2024-2/aula-08/aposta"/>
    <property name="os.arch" value="x86_64"/>
    <property name="java.vm.specification.name" value="Java Virtual Machine Specification"/>
    <property name="PID" value="37951"/>
    <property name="CONSOLE_LOG_CHARSET" value="UTF-8"/>
    <property name="native.encoding" value="UTF-8"/>
    <property name="java.library.path" value="/Users/eduardosantana/Library/Java/Extensions:/Library/Java/Extensions:/Network/Library/Java/Extensions:/System/Library/Java/Extensions:/usr/lib/java:."/>
    <property name="java.vm.info" value="mixed mode, sharing"/>
    <property name="stderr.encoding" value="UTF-8"/>
    <property name="java.vendor" value="Oracle Corporation"/>
    <property name="java.vm.version" value="21.0.1+12-29"/>
    <property name="sun.io.unicode.encoding" value="UnicodeBig"/>
    <property name="socksNonProxyHosts" value="local|*.local|169.254/16|*.169.254/16"/>
    <property name="java.class.version" value="65.0"/>
    <property name="LOGGED_APPLICATION_NAME" value="[aposta] "/>
  </properties>
  <testcase name="testGetApostaWhenApostaIsNotNullStatusRealizada" classname="br.insper.aposta.aposta.ApostaServiceTests" time="0.6"/>
  <testcase name="testGetApostaWhenApostaIsNull" classname="br.insper.aposta.aposta.ApostaServiceTests" time="0.009"/>
</testsuite>